Using pre-set license
Built from '2020.3/staging' branch; Version is '2020.3.0f1 (c7b5465681fb) revision 13088070'; Using compiler version '192528614'; Build Type 'Release'
OS: 'Windows 10 Home; OS build 19041.928; Version 2004; 64bit' Language: 'en' Physical Memory: 32668 MB
BatchMode: 1, IsHumanControllingUs: 0, StartBugReporterOnCrash: 0, Is64bit: 1, IsPro: 0

 COMMAND LINE ARGUMENTS:
E:\Program Files\Unity\Editor\Unity.exe
-adb2
-batchMode
-noUpm
-name
AssetImportWorker0
-projectPath
D:/Unity/Galaxies-at-war
-logFile
Logs/AssetImportWorker0.log
-srvPort
55922
Successfully changed project path to: D:/Unity/Galaxies-at-war
D:/Unity/Galaxies-at-war
Using Asset Import Pipeline V2.
Refreshing native plugins compatible for Editor in 23.29 ms, found 0 plugins.
Preloading 0 native plugins for Editor in 0.00 ms.
Initialize engine version: 2020.3.0f1 (c7b5465681fb)
[Subsystems] Discovering subsystems at path E:/Program Files/Unity/Editor/Data/Resources/UnitySubsystems
[Subsystems] Discovering subsystems at path D:/Unity/Galaxies-at-war/Assets
GfxDevice: creating device client; threaded=0
Direct3D:
    Version:  Direct3D 11.0 [level 11.1]
    Renderer: NVIDIA GeForce RTX 2060 SUPER (ID=0x1f06)
    Vendor:   
    VRAM:     8031 MB
    Driver:   27.21.14.5709
Initialize mono
Mono path[0] = 'E:/Program Files/Unity/Editor/Data/Managed'
Mono path[1] = 'E:/Program Files/Unity/Editor/Data/MonoBleedingEdge/lib/mono/unityjit'
Mono config path = 'E:/Program Files/Unity/Editor/Data/MonoBleedingEdge/etc'
Using monoOptions --debugger-agent=transport=dt_socket,embedding=1,server=y,suspend=n,address=127.0.0.1:56568
Begin MonoManager ReloadAssembly
Registering precompiled unity dll's ...
Register platform support module: E:/Program Files/Unity/Editor/Data/PlaybackEngines/WindowsStandaloneSupport/UnityEditor.WindowsStandalone.Extensions.dll
Registered in 0.004464 seconds.
Native extension for WindowsStandalone target not found
Refreshing native plugins compatible for Editor in 23.77 ms, found 0 plugins.
Preloading 0 native plugins for Editor in 0.00 ms.
Invoked RoslynAnalysisRunner static constructor.
RoslynAnalysisRunner will not be running.
RoslynAnalysisRunner has terminated.
Mono: successfully reloaded assembly
- Completed reload, in  1.483 seconds
Platform modules already initialized, skipping
Registering precompiled user dll's ...
Registered in 0.000587 seconds.
Begin MonoManager ReloadAssembly
Native extension for WindowsStandalone target not found
Refreshing native plugins compatible for Editor in 0.26 ms, found 0 plugins.
Preloading 0 native plugins for Editor in 0.00 ms.
Invoked RoslynAnalysisRunner static constructor.
RoslynAnalysisRunner will not be running.
RoslynAnalysisRunner has terminated.
Mono: successfully reloaded assembly
- Completed reload, in  1.065 seconds
Platform modules already initialized, skipping
========================================================================
Worker process is ready to serve import requests
Launched and connected shader compiler UnityShaderCompiler.exe after 0.06 seconds
Refreshing native plugins compatible for Editor in 0.23 ms, found 0 plugins.
Preloading 0 native plugins for Editor in 0.00 ms.
Unloading 1113 Unused Serialized files (Serialized files now loaded: 0)
System memory in use before: 56.8 MB.
System memory in use after: 56.9 MB.

Unloading 9 unused Assets to reduce memory usage. Loaded Objects now: 1557.
Total: 2.185400 ms (FindLiveObjects: 0.211100 ms CreateObjectMapping: 0.067600 ms MarkObjects: 1.846600 ms  DeleteObjects: 0.059000 ms)

========================================================================
Received Import Request.
  path: Assets/Script
  artifactKey: Guid(b1c19cd7100b4b249a56fee1c9097739) Importer(815301076,1909f56bfc062723c751e8b465ee728b)
Start importing Assets/Script using Guid(b1c19cd7100b4b249a56fee1c9097739) Importer(815301076,1909f56bfc062723c751e8b465ee728b)  -> (artifact id: 'a4dbb33c12841de184d6db93f40987ef') in 0.014029 seconds
  Import took 0.016216 seconds .

========================================================================
Received Import Request.
  Time since last request: 28.885669 seconds.
  path: Assets/Scenes
  artifactKey: Guid(4b55933066cb40c489a0c7c32ad87b04) Importer(815301076,1909f56bfc062723c751e8b465ee728b)
Start importing Assets/Scenes using Guid(4b55933066cb40c489a0c7c32ad87b04) Importer(815301076,1909f56bfc062723c751e8b465ee728b)  -> (artifact id: 'f338c41744cc2d401f7f76b31b10c749') in 0.013449 seconds
  Import took 0.015556 seconds .

========================================================================
Received Import Request.
  Time since last request: 1.170382 seconds.
  path: Assets/Scenes/SampleScene.unity
  artifactKey: Guid(9fc0d4010bbf28b4594072e72b8655ab) Importer(815301076,1909f56bfc062723c751e8b465ee728b)
Start importing Assets/Scenes/SampleScene.unity using Guid(9fc0d4010bbf28b4594072e72b8655ab) Importer(815301076,1909f56bfc062723c751e8b465ee728b)  -> (artifact id: 'd953851623ae0dcbb371578d16236553') in 0.021007 seconds
  Import took 0.023095 seconds .

========================================================================
Received Import Request.
  Time since last request: 31.863708 seconds.
  path: Assets/Script/base_behavior.cs
  artifactKey: Guid(3316c2ebe5b7eeb4688dc4df9b0a8eb8) Importer(815301076,1909f56bfc062723c751e8b465ee728b)
Start importing Assets/Script/base_behavior.cs using Guid(3316c2ebe5b7eeb4688dc4df9b0a8eb8) Importer(815301076,1909f56bfc062723c751e8b465ee728b)  -> (artifact id: '0ba66062ee3d28ce3b54fb9663d8a7fe') in 0.034216 seconds
  Import took 0.036408 seconds .

========================================================================
Received Import Request.
  Time since last request: 328.579263 seconds.
  path: Assets/Scenes/Scenes
  artifactKey: Guid(1ea29544369ea43418555ba989e165af) Importer(815301076,1909f56bfc062723c751e8b465ee728b)
Start importing Assets/Scenes/Scenes using Guid(1ea29544369ea43418555ba989e165af) Importer(815301076,1909f56bfc062723c751e8b465ee728b)  -> (artifact id: 'd27d96def3a45acf70ced1c7d9149ff2') in 0.013981 seconds
  Import took 0.016256 seconds .

========================================================================
Received Import Request.
  Time since last request: 2.265508 seconds.
  path: Assets/Scenes/Scenes/SampleScene.unity
  artifactKey: Guid(273ea7330dcb0c54492665679127cf8c) Importer(815301076,1909f56bfc062723c751e8b465ee728b)
Start importing Assets/Scenes/Scenes/SampleScene.unity using Guid(273ea7330dcb0c54492665679127cf8c) Importer(815301076,1909f56bfc062723c751e8b465ee728b)  -> (artifact id: '2014df6129b72980eb3f96208f5aaf3f') in 0.003264 seconds
  Import took 0.005564 seconds .

========================================================================
Received Import Request.
  Time since last request: 33.227132 seconds.
  path: Assets/Scenes/Scenes/SampleScene
  artifactKey: Guid(0e5b950eb743e4240b324e3f0c421586) Importer(815301076,1909f56bfc062723c751e8b465ee728b)
Start importing Assets/Scenes/Scenes/SampleScene using Guid(0e5b950eb743e4240b324e3f0c421586) Importer(815301076,1909f56bfc062723c751e8b465ee728b)  -> (artifact id: '1dc9262105858579f263763efee2af96') in 0.013897 seconds
  Import took 0.016122 seconds .

========================================================================
Received Import Request.
  Time since last request: 0.041791 seconds.
  path: Assets/Scenes/Scenes/SampleScene/LightingData.asset
  artifactKey: Guid(bfa27c8670af68d42ab9e80f93f7b8ee) Importer(815301076,1909f56bfc062723c751e8b465ee728b)
Start importing Assets/Scenes/Scenes/SampleScene/LightingData.asset using Guid(bfa27c8670af68d42ab9e80f93f7b8ee) Importer(815301076,1909f56bfc062723c751e8b465ee728b)  -> (artifact id: '3c7e264f735c7ddda6bdb9ff2a2362a5') in 0.019247 seconds
  Import took 0.022275 seconds .

========================================================================
Received Import Request.
  Time since last request: 0.000180 seconds.
  path: Assets/Scenes/Scenes/SampleScene/ReflectionProbe-0.exr
  artifactKey: Guid(a5d458d68be45124491ad908ef8daf12) Importer(815301076,1909f56bfc062723c751e8b465ee728b)
Start importing Assets/Scenes/Scenes/SampleScene/ReflectionProbe-0.exr using Guid(a5d458d68be45124491ad908ef8daf12) Importer(815301076,1909f56bfc062723c751e8b465ee728b)  -> (artifact id: 'c9695002a63f5a436e50f770b4772415') in 0.139568 seconds
  Import took 0.141716 seconds .

========================================================================
Received Import Request.
  Time since last request: 5.688250 seconds.
  path: Assets/Scenes/SampleScene.unity
  artifactKey: Guid(9fc0d4010bbf28b4594072e72b8655ab) Importer(815301076,1909f56bfc062723c751e8b465ee728b)
Start importing Assets/Scenes/SampleScene.unity using Guid(9fc0d4010bbf28b4594072e72b8655ab) Importer(815301076,1909f56bfc062723c751e8b465ee728b)  -> (artifact id: '37a19ed95e2d22d4a25e631e39c1f2c3') in 0.002272 seconds
  Import took 0.004529 seconds .

========================================================================
Received Import Request.
  Time since last request: 0.000938 seconds.
  path: Assets/Scenes/SampleScene.unity
  artifactKey: Guid(9fc0d4010bbf28b4594072e72b8655ab) Importer(815301076,1909f56bfc062723c751e8b465ee728b)
Start importing Assets/Scenes/SampleScene.unity using Guid(9fc0d4010bbf28b4594072e72b8655ab) Importer(815301076,1909f56bfc062723c751e8b465ee728b)  -> (artifact id: '37a19ed95e2d22d4a25e631e39c1f2c3') in 0.002629 seconds
  Import took 0.005272 seconds .

========================================================================
Received Import Request.
  Time since last request: 263.626189 seconds.
  path: Assets/Script/Infantry Scripts
  artifactKey: Guid(6cb56d790d2d411478e5abe2d2e5de18) Importer(815301076,1909f56bfc062723c751e8b465ee728b)
Start importing Assets/Script/Infantry Scripts using Guid(6cb56d790d2d411478e5abe2d2e5de18) Importer(815301076,1909f56bfc062723c751e8b465ee728b)  -> (artifact id: '1d86eec361dd884a92402ac25d68fcdf') in 0.014297 seconds
  Import took 0.016793 seconds .

========================================================================
Received Import Request.
  Time since last request: 1.261959 seconds.
  path: Assets/Script/Steering
  artifactKey: Guid(4c5888d20eb3cef4b92ad356b3f8ceb8) Importer(815301076,1909f56bfc062723c751e8b465ee728b)
Start importing Assets/Script/Steering using Guid(4c5888d20eb3cef4b92ad356b3f8ceb8) Importer(815301076,1909f56bfc062723c751e8b465ee728b)  -> (artifact id: 'b484d9d1b93e3deecea131de4ad7ac6d') in 0.014204 seconds
  Import took 0.016509 seconds .

========================================================================
Received Import Request.
  Time since last request: 10.192445 seconds.
  path: Assets/health_bar
  artifactKey: Guid(4cf99e33b11a32541b31ec1793ef1ed0) Importer(815301076,1909f56bfc062723c751e8b465ee728b)
Start importing Assets/health_bar using Guid(4cf99e33b11a32541b31ec1793ef1ed0) Importer(815301076,1909f56bfc062723c751e8b465ee728b)  -> (artifact id: '30a159955d6a6d77db12279302a19589') in 0.015312 seconds
  Import took 0.017813 seconds .

========================================================================
Received Prepare
Registering precompiled user dll's ...
Registered in 0.000605 seconds.
Begin MonoManager ReloadAssembly
Native extension for WindowsStandalone target not found
Refreshing native plugins compatible for Editor in 0.24 ms, found 0 plugins.
Preloading 0 native plugins for Editor in 0.00 ms.
Invoked RoslynAnalysisRunner static constructor.
RoslynAnalysisRunner will not be running.
RoslynAnalysisRunner has terminated.
Mono: successfully reloaded assembly
- Completed reload, in  0.995 seconds
Platform modules already initialized, skipping
Refreshing native plugins compatible for Editor in 0.36 ms, found 0 plugins.
Preloading 0 native plugins for Editor in 0.00 ms.
Unloading 1107 Unused Serialized files (Serialized files now loaded: 0)
System memory in use before: 60.0 MB.
System memory in use after: 60.1 MB.

Unloading 4 unused Assets to reduce memory usage. Loaded Objects now: 1592.
Total: 1.785600 ms (FindLiveObjects: 0.144200 ms CreateObjectMapping: 0.042500 ms MarkObjects: 1.582500 ms  DeleteObjects: 0.015500 ms)

========================================================================
Received Import Request.
  Time since last request: 60.106101 seconds.
  path: Assets
  artifactKey: Guid(00000000000000001000000000000000) Importer(815301076,1909f56bfc062723c751e8b465ee728b)
Start importing Assets using Guid(00000000000000001000000000000000) Importer(815301076,1909f56bfc062723c751e8b465ee728b)  -> (artifact id: '42baae205c97e3337697759514652acd') in 0.014067 seconds
  Import took 0.016304 seconds .

========================================================================
Received Import Request.
  Time since last request: 0.000491 seconds.
  path: Assets
  artifactKey: Guid(00000000000000001000000000000000) Importer(815301076,1909f56bfc062723c751e8b465ee728b)
Start importing Assets using Guid(00000000000000001000000000000000) Importer(815301076,1909f56bfc062723c751e8b465ee728b)  -> (artifact id: '42baae205c97e3337697759514652acd') in 0.002033 seconds
  Import took 0.003683 seconds .

========================================================================
Received Import Request.
  Time since last request: 9.050175 seconds.
  path: Assets/Scripts
  artifactKey: Guid(f5d0f751612237147b8f55393f59f063) Importer(815301076,1909f56bfc062723c751e8b465ee728b)
Start importing Assets/Scripts using Guid(f5d0f751612237147b8f55393f59f063) Importer(815301076,1909f56bfc062723c751e8b465ee728b)  -> (artifact id: '45d6d554d171d4243f31f549021e7533') in 0.014177 seconds
  Import took 0.016945 seconds .

========================================================================
Received Import Request.
  Time since last request: 10.746266 seconds.
  path: Assets/Scripts/PlayerController.cs
  artifactKey: Guid(d1bfdcb304c56ad4b84d9957a4b2cbc3) Importer(815301076,1909f56bfc062723c751e8b465ee728b)
Start importing Assets/Scripts/PlayerController.cs using Guid(d1bfdcb304c56ad4b84d9957a4b2cbc3) Importer(815301076,1909f56bfc062723c751e8b465ee728b)  -> (artifact id: 'fb9f37f73a9ab6c1a61538e5dcce9b67') in 0.017182 seconds
  Import took 0.019919 seconds .

========================================================================
Received Import Request.
  Time since last request: 0.002341 seconds.
  path: Assets/Scripts/PlayerController.cs
  artifactKey: Guid(d1bfdcb304c56ad4b84d9957a4b2cbc3) Importer(815301076,1909f56bfc062723c751e8b465ee728b)
Start importing Assets/Scripts/PlayerController.cs using Guid(d1bfdcb304c56ad4b84d9957a4b2cbc3) Importer(815301076,1909f56bfc062723c751e8b465ee728b)  -> (artifact id: 'fb9f37f73a9ab6c1a61538e5dcce9b67') in 0.002670 seconds
  Import took 0.005162 seconds .

========================================================================
Received Prepare
Registering precompiled user dll's ...
Registered in 0.001109 seconds.
Begin MonoManager ReloadAssembly
Native extension for WindowsStandalone target not found
Refreshing native plugins compatible for Editor in 0.25 ms, found 0 plugins.
Preloading 0 native plugins for Editor in 0.00 ms.
Invoked RoslynAnalysisRunner static constructor.
RoslynAnalysisRunner will not be running.
RoslynAnalysisRunner has terminated.
Mono: successfully reloaded assembly
- Completed reload, in  1.023 seconds
Platform modules already initialized, skipping
Refreshing native plugins compatible for Editor in 0.24 ms, found 0 plugins.
Preloading 0 native plugins for Editor in 0.00 ms.
Unloading 1108 Unused Serialized files (Serialized files now loaded: 0)
System memory in use before: 60.1 MB.
System memory in use after: 60.2 MB.

Unloading 4 unused Assets to reduce memory usage. Loaded Objects now: 1596.
Total: 2.260500 ms (FindLiveObjects: 0.224700 ms CreateObjectMapping: 0.116300 ms MarkObjects: 1.900700 ms  DeleteObjects: 0.017300 ms)

========================================================================
Received Prepare
Registering precompiled user dll's ...
Registered in 0.000681 seconds.
Begin MonoManager ReloadAssembly
Native extension for WindowsStandalone target not found
Refreshing native plugins compatible for Editor in 0.25 ms, found 0 plugins.
Preloading 0 native plugins for Editor in 0.00 ms.
Invoked RoslynAnalysisRunner static constructor.
RoslynAnalysisRunner will not be running.
RoslynAnalysisRunner has terminated.
Mono: successfully reloaded assembly
- Completed reload, in  0.955 seconds
Platform modules already initialized, skipping
Refreshing native plugins compatible for Editor in 0.24 ms, found 0 plugins.
Preloading 0 native plugins for Editor in 0.00 ms.
Unloading 1108 Unused Serialized files (Serialized files now loaded: 0)
System memory in use before: 60.1 MB.
System memory in use after: 60.2 MB.

Unloading 4 unused Assets to reduce memory usage. Loaded Objects now: 1599.
Total: 1.732200 ms (FindLiveObjects: 0.228800 ms CreateObjectMapping: 0.067800 ms MarkObjects: 1.419500 ms  DeleteObjects: 0.014400 ms)

========================================================================
Received Import Request.
  Time since last request: 303.904188 seconds.
  path: Assets/Scripts/PlayerController.cs
  artifactKey: Guid(d1bfdcb304c56ad4b84d9957a4b2cbc3) Importer(815301076,1909f56bfc062723c751e8b465ee728b)
Start importing Assets/Scripts/PlayerController.cs using Guid(d1bfdcb304c56ad4b84d9957a4b2cbc3) Importer(815301076,1909f56bfc062723c751e8b465ee728b)  -> (artifact id: '856f2d94ba129be868a008c16086a2d8') in 0.004711 seconds
  Import took 0.007151 seconds .

========================================================================
Received Import Request.
  Time since last request: 127.327961 seconds.
  path: ProjectSettings/TagManager.asset
  artifactKey: Guid(00000000000000003000000000000000) Importer(815301076,1909f56bfc062723c751e8b465ee728b)
Start importing ProjectSettings/TagManager.asset using Guid(00000000000000003000000000000000) Importer(815301076,1909f56bfc062723c751e8b465ee728b)  -> (artifact id: '779d5949113fa91bb85f64f090860d93') in 0.022979 seconds
  Import took 0.025397 seconds .

========================================================================
Received Import Request.
  Time since last request: 0.000487 seconds.
  path: ProjectSettings/TagManager.asset
  artifactKey: Guid(00000000000000003000000000000000) Importer(815301076,1909f56bfc062723c751e8b465ee728b)
Start importing ProjectSettings/TagManager.asset using Guid(00000000000000003000000000000000) Importer(815301076,1909f56bfc062723c751e8b465ee728b)  -> (artifact id: '779d5949113fa91bb85f64f090860d93') in 0.002991 seconds
  Import took 0.005714 seconds .

========================================================================
Received Prepare
Registering precompiled user dll's ...
Registered in 0.000747 seconds.
Begin MonoManager ReloadAssembly
Native extension for WindowsStandalone target not found
Refreshing native plugins compatible for Editor in 0.25 ms, found 0 plugins.
Preloading 0 native plugins for Editor in 0.00 ms.
Invoked RoslynAnalysisRunner static constructor.
RoslynAnalysisRunner will not be running.
RoslynAnalysisRunner has terminated.
Mono: successfully reloaded assembly
- Completed reload, in  0.962 seconds
Platform modules already initialized, skipping
Refreshing native plugins compatible for Editor in 0.23 ms, found 0 plugins.
Preloading 0 native plugins for Editor in 0.00 ms.
Unloading 1108 Unused Serialized files (Serialized files now loaded: 0)
System memory in use before: 60.1 MB.
System memory in use after: 60.2 MB.

Unloading 6 unused Assets to reduce memory usage. Loaded Objects now: 1602.
Total: 2.034700 ms (FindLiveObjects: 0.134000 ms CreateObjectMapping: 0.042700 ms MarkObjects: 1.840100 ms  DeleteObjects: 0.016900 ms)

========================================================================
Received Import Request.
  Time since last request: 241.572671 seconds.
  path: Assets/unit.mat
  artifactKey: Guid(f4c489c56a777224bb787c20ac454f03) Importer(815301076,1909f56bfc062723c751e8b465ee728b)
Start importing Assets/unit.mat using Guid(f4c489c56a777224bb787c20ac454f03) Importer(815301076,1909f56bfc062723c751e8b465ee728b)  -> (artifact id: 'cceef529ddfb8050462ac55f81b2d43e') in 0.097655 seconds
  Import took 0.099978 seconds .

========================================================================
Received Import Request.
  Time since last request: 19.621478 seconds.
  path: Assets/plane.mat
  artifactKey: Guid(8fbabb01df77f4b4ba00155a57b34933) Importer(815301076,1909f56bfc062723c751e8b465ee728b)
Start importing Assets/plane.mat using Guid(8fbabb01df77f4b4ba00155a57b34933) Importer(815301076,1909f56bfc062723c751e8b465ee728b)  -> (artifact id: 'd2dbaa2c69e652303c05f3b987adacac') in 0.033570 seconds
  Import took 0.036293 seconds .

========================================================================
Received Prepare
Registering precompiled user dll's ...
Registered in 0.000677 seconds.
Begin MonoManager ReloadAssembly
Native extension for WindowsStandalone target not found
Refreshing native plugins compatible for Editor in 0.26 ms, found 0 plugins.
Preloading 0 native plugins for Editor in 0.00 ms.
Invoked RoslynAnalysisRunner static constructor.
RoslynAnalysisRunner will not be running.
RoslynAnalysisRunner has terminated.
Mono: successfully reloaded assembly
- Completed reload, in  0.965 seconds
Platform modules already initialized, skipping
Refreshing native plugins compatible for Editor in 0.24 ms, found 0 plugins.
Preloading 0 native plugins for Editor in 0.00 ms.
Unloading 1121 Unused Serialized files (Serialized files now loaded: 0)
System memory in use before: 62.0 MB.
System memory in use after: 61.5 MB.

Unloading 17 unused Assets to reduce memory usage. Loaded Objects now: 1616.
Total: 2.617700 ms (FindLiveObjects: 0.277900 ms CreateObjectMapping: 0.080000 ms MarkObjects: 1.739800 ms  DeleteObjects: 0.518900 ms)

========================================================================
Received Prepare
Registering precompiled user dll's ...
Registered in 0.000715 seconds.
Begin MonoManager ReloadAssembly
Native extension for WindowsStandalone target not found
Refreshing native plugins compatible for Editor in 0.26 ms, found 0 plugins.
Preloading 0 native plugins for Editor in 0.00 ms.
Invoked RoslynAnalysisRunner static constructor.
RoslynAnalysisRunner will not be running.
RoslynAnalysisRunner has terminated.
Mono: successfully reloaded assembly
- Completed reload, in  0.973 seconds
Platform modules already initialized, skipping
Refreshing native plugins compatible for Editor in 0.25 ms, found 0 plugins.
Preloading 0 native plugins for Editor in 0.00 ms.
Unloading 1121 Unused Serialized files (Serialized files now loaded: 0)
System memory in use before: 62.0 MB.
System memory in use after: 61.5 MB.

Unloading 17 unused Assets to reduce memory usage. Loaded Objects now: 1619.
Total: 2.374100 ms (FindLiveObjects: 0.294600 ms CreateObjectMapping: 0.090300 ms MarkObjects: 1.627500 ms  DeleteObjects: 0.360100 ms)

========================================================================
Received Prepare
Registering precompiled user dll's ...
Registered in 0.000823 seconds.
Begin MonoManager ReloadAssembly
Native extension for WindowsStandalone target not found
Refreshing native plugins compatible for Editor in 0.25 ms, found 0 plugins.
Preloading 0 native plugins for Editor in 0.00 ms.
Invoked RoslynAnalysisRunner static constructor.
RoslynAnalysisRunner will not be running.
RoslynAnalysisRunner has terminated.
Mono: successfully reloaded assembly
- Completed reload, in  0.952 seconds
Platform modules already initialized, skipping
Refreshing native plugins compatible for Editor in 0.25 ms, found 0 plugins.
Preloading 0 native plugins for Editor in 0.00 ms.
Unloading 1121 Unused Serialized files (Serialized files now loaded: 0)
System memory in use before: 62.0 MB.
System memory in use after: 61.5 MB.

Unloading 17 unused Assets to reduce memory usage. Loaded Objects now: 1622.
Total: 2.130800 ms (FindLiveObjects: 0.247700 ms CreateObjectMapping: 0.055100 ms MarkObjects: 1.418700 ms  DeleteObjects: 0.408000 ms)

========================================================================
Received Prepare
Registering precompiled user dll's ...
Registered in 0.000635 seconds.
Begin MonoManager ReloadAssembly
Native extension for WindowsStandalone target not found
Refreshing native plugins compatible for Editor in 0.27 ms, found 0 plugins.
Preloading 0 native plugins for Editor in 0.00 ms.
Invoked RoslynAnalysisRunner static constructor.
RoslynAnalysisRunner will not be running.
RoslynAnalysisRunner has terminated.
Mono: successfully reloaded assembly
- Completed reload, in  0.930 seconds
Platform modules already initialized, skipping
Refreshing native plugins compatible for Editor in 0.34 ms, found 0 plugins.
Preloading 0 native plugins for Editor in 0.00 ms.
Unloading 1121 Unused Serialized files (Serialized files now loaded: 0)
System memory in use before: 62.0 MB.
System memory in use after: 61.5 MB.

Unloading 17 unused Assets to reduce memory usage. Loaded Objects now: 1625.
Total: 2.440600 ms (FindLiveObjects: 0.335700 ms CreateObjectMapping: 0.061600 ms MarkObjects: 1.531800 ms  DeleteObjects: 0.510100 ms)

========================================================================
Received Prepare
Registering precompiled user dll's ...
Registered in 0.000708 seconds.
Begin MonoManager ReloadAssembly
Native extension for WindowsStandalone target not found
Refreshing native plugins compatible for Editor in 0.24 ms, found 0 plugins.
Preloading 0 native plugins for Editor in 0.00 ms.
Invoked RoslynAnalysisRunner static constructor.
RoslynAnalysisRunner will not be running.
RoslynAnalysisRunner has terminated.
Mono: successfully reloaded assembly
- Completed reload, in  0.919 seconds
Platform modules already initialized, skipping
Refreshing native plugins compatible for Editor in 0.24 ms, found 0 plugins.
Preloading 0 native plugins for Editor in 0.00 ms.
Unloading 1121 Unused Serialized files (Serialized files now loaded: 0)
System memory in use before: 62.0 MB.
System memory in use after: 61.5 MB.

Unloading 17 unused Assets to reduce memory usage. Loaded Objects now: 1628.
Total: 1.954200 ms (FindLiveObjects: 0.144500 ms CreateObjectMapping: 0.042500 ms MarkObjects: 1.415700 ms  DeleteObjects: 0.350300 ms)

========================================================================
Received Prepare
Registering precompiled user dll's ...
Registered in 0.000686 seconds.
Begin MonoManager ReloadAssembly
Native extension for WindowsStandalone target not found
Refreshing native plugins compatible for Editor in 0.26 ms, found 0 plugins.
Preloading 0 native plugins for Editor in 0.00 ms.
Invoked RoslynAnalysisRunner static constructor.
RoslynAnalysisRunner will not be running.
RoslynAnalysisRunner has terminated.
Mono: successfully reloaded assembly
- Completed reload, in  0.942 seconds
Platform modules already initialized, skipping
Refreshing native plugins compatible for Editor in 0.31 ms, found 0 plugins.
Preloading 0 native plugins for Editor in 0.00 ms.
Unloading 1121 Unused Serialized files (Serialized files now loaded: 0)
System memory in use before: 62.0 MB.
System memory in use after: 61.5 MB.

Unloading 17 unused Assets to reduce memory usage. Loaded Objects now: 1631.
Total: 2.441600 ms (FindLiveObjects: 0.275200 ms CreateObjectMapping: 0.045100 ms MarkObjects: 1.721000 ms  DeleteObjects: 0.398100 ms)

========================================================================
Received Prepare
Registering precompiled user dll's ...
Registered in 0.000848 seconds.
Begin MonoManager ReloadAssembly
Native extension for WindowsStandalone target not found
Refreshing native plugins compatible for Editor in 0.25 ms, found 0 plugins.
Preloading 0 native plugins for Editor in 0.00 ms.
Invoked RoslynAnalysisRunner static constructor.
RoslynAnalysisRunner will not be running.
RoslynAnalysisRunner has terminated.
Mono: successfully reloaded assembly
- Completed reload, in  0.988 seconds
Platform modules already initialized, skipping
Refreshing native plugins compatible for Editor in 0.25 ms, found 0 plugins.
Preloading 0 native plugins for Editor in 0.00 ms.
Unloading 1121 Unused Serialized files (Serialized files now loaded: 0)
System memory in use before: 62.0 MB.
System memory in use after: 61.5 MB.

Unloading 17 unused Assets to reduce memory usage. Loaded Objects now: 1634.
Total: 2.009800 ms (FindLiveObjects: 0.146500 ms CreateObjectMapping: 0.044100 ms MarkObjects: 1.461600 ms  DeleteObjects: 0.356600 ms)

========================================================================
Received Prepare
Registering precompiled user dll's ...
Registered in 0.000750 seconds.
Begin MonoManager ReloadAssembly
Native extension for WindowsStandalone target not found
Refreshing native plugins compatible for Editor in 0.25 ms, found 0 plugins.
Preloading 0 native plugins for Editor in 0.00 ms.
Invoked RoslynAnalysisRunner static constructor.
RoslynAnalysisRunner will not be running.
RoslynAnalysisRunner has terminated.
Mono: successfully reloaded assembly
- Completed reload, in  0.959 seconds
Platform modules already initialized, skipping
Refreshing native plugins compatible for Editor in 0.25 ms, found 0 plugins.
Preloading 0 native plugins for Editor in 0.00 ms.
Unloading 1121 Unused Serialized files (Serialized files now loaded: 0)
System memory in use before: 62.0 MB.
System memory in use after: 61.5 MB.

Unloading 17 unused Assets to reduce memory usage. Loaded Objects now: 1637.
Total: 2.258700 ms (FindLiveObjects: 0.256900 ms CreateObjectMapping: 0.076700 ms MarkObjects: 1.546900 ms  DeleteObjects: 0.376200 ms)

========================================================================
Received Import Request.
  Time since last request: 1009.487122 seconds.
  path: Assets/ground.mat
  artifactKey: Guid(8fbabb01df77f4b4ba00155a57b34933) Importer(815301076,1909f56bfc062723c751e8b465ee728b)
Start importing Assets/ground.mat using Guid(8fbabb01df77f4b4ba00155a57b34933) Importer(815301076,1909f56bfc062723c751e8b465ee728b)  -> (artifact id: '0c1d72d2fa6e796958be3f429eadccaa') in 0.081525 seconds
  Import took 0.084497 seconds .

========================================================================
Received Import Request.
  Time since last request: 0.000201 seconds.
  path: Assets/unit.mat
  artifactKey: Guid(f4c489c56a777224bb787c20ac454f03) Importer(815301076,1909f56bfc062723c751e8b465ee728b)
Start importing Assets/unit.mat using Guid(f4c489c56a777224bb787c20ac454f03) Importer(815301076,1909f56bfc062723c751e8b465ee728b)  -> (artifact id: 'bec5d7d451283b1e61adf4f330800bbc') in 0.035701 seconds
  Import took 0.037924 seconds .

========================================================================
Received Import Request.
  Time since last request: 1.461979 seconds.
  path: Assets/Scenes
  artifactKey: Guid(4b55933066cb40c489a0c7c32ad87b04) Importer(815301076,1909f56bfc062723c751e8b465ee728b)
Start importing Assets/Scenes using Guid(4b55933066cb40c489a0c7c32ad87b04) Importer(815301076,1909f56bfc062723c751e8b465ee728b)  -> (artifact id: 'd9db573fcd3fada65e43a9241bcbdc34') in 0.014047 seconds
  Import took 0.016503 seconds .

========================================================================
Received Import Request.
  Time since last request: 23.222052 seconds.
  path: Assets/Scenes/SampleScene.unity
  artifactKey: Guid(9fc0d4010bbf28b4594072e72b8655ab) Importer(815301076,1909f56bfc062723c751e8b465ee728b)
Start importing Assets/Scenes/SampleScene.unity using Guid(9fc0d4010bbf28b4594072e72b8655ab) Importer(815301076,1909f56bfc062723c751e8b465ee728b)  -> (artifact id: '204c29ac3a0558b78db18114dd8ac323') in 0.014077 seconds
  Import took 0.016509 seconds .

========================================================================
Received Import Request.
  Time since last request: 32.244141 seconds.
  path: Assets/Scenes/UnitMovement.unity
  artifactKey: Guid(6c71318563ceb334aa753879d633915e) Importer(815301076,1909f56bfc062723c751e8b465ee728b)
Start importing Assets/Scenes/UnitMovement.unity using Guid(6c71318563ceb334aa753879d633915e) Importer(815301076,1909f56bfc062723c751e8b465ee728b)  -> (artifact id: '747fbd92c42d72e71fd88645a6cd388b') in 0.014475 seconds
  Import took 0.016835 seconds .

AssetImportWorkerClient::OnTransportError - code=2 error=End of file
